<?xml version="1.0" encoding="UTF-8"?>
<robot generator="Robot 4.1 (Python 3.9.6 on win32)" generated="20210822 12:58:35.502" rpa="false" schemaversion="2">
<suite id="s1" name="Checkbox" source="c:\qaninja\robot\web\checkbox.robot">
<test id="s1-t1" name="Marcando Opção com id">
<kw name="Open Browser" library="SeleniumLibrary">
<arg>${url}</arg>
<arg>chrome</arg>
<doc>Opens a new browser instance to the optional ``url``.</doc>
<msg timestamp="20210822 12:58:35.836" level="INFO">Opening browser 'chrome' to base url 'https://training-wheels-protocol.herokuapp.com'.</msg>
<status status="PASS" starttime="20210822 12:58:35.836" endtime="20210822 12:58:41.252"/>
</kw>
<kw name="Go To" library="SeleniumLibrary">
<arg>${url}/checkboxes</arg>
<doc>Navigates the current browser window to the provided ``url``.</doc>
<msg timestamp="20210822 12:58:41.255" level="INFO">Opening url 'https://training-wheels-protocol.herokuapp.com/checkboxes'</msg>
<status status="PASS" starttime="20210822 12:58:41.253" endtime="20210822 12:58:41.647"/>
</kw>
<kw name="Select Checkbox" library="SeleniumLibrary">
<arg>id:thor</arg>
<doc>Selects the checkbox identified by ``locator``.</doc>
<msg timestamp="20210822 12:58:41.647" level="INFO">Selecting checkbox 'id:thor'.</msg>
<status status="PASS" starttime="20210822 12:58:41.647" endtime="20210822 12:58:41.761"/>
</kw>
<kw name="Checkbox Should Be Selected" library="SeleniumLibrary">
<arg>id:thor</arg>
<doc>Verifies checkbox ``locator`` is selected/checked.</doc>
<msg timestamp="20210822 12:58:41.762" level="INFO">Verifying checkbox 'id:thor' is selected.</msg>
<status status="PASS" starttime="20210822 12:58:41.762" endtime="20210822 12:58:41.792"/>
</kw>
<kw name="Sleep" library="BuiltIn">
<arg>5</arg>
<doc>Pauses the test executed for the given time.</doc>
<msg timestamp="20210822 12:58:46.795" level="INFO">Slept 5 seconds</msg>
<status status="PASS" starttime="20210822 12:58:41.793" endtime="20210822 12:58:46.796"/>
</kw>
<kw name="Close Browser" library="SeleniumLibrary">
<doc>Closes the current browser.</doc>
<status status="PASS" starttime="20210822 12:58:46.796" endtime="20210822 12:58:50.262"/>
</kw>
<status status="PASS" starttime="20210822 12:58:35.833" endtime="20210822 12:58:50.263"/>
</test>
<test id="s1-t2" name="Marcando Opção com css Selector">
<kw name="Open Browser" library="SeleniumLibrary">
<arg>${url}</arg>
<arg>chrome</arg>
<doc>Opens a new browser instance to the optional ``url``.</doc>
<msg timestamp="20210822 12:58:50.274" level="INFO">Opening browser 'chrome' to base url 'https://training-wheels-protocol.herokuapp.com'.</msg>
<status status="PASS" starttime="20210822 12:58:50.273" endtime="20210822 12:58:54.669"/>
</kw>
<kw name="Go To" library="SeleniumLibrary">
<arg>${url}/checkboxes</arg>
<doc>Navigates the current browser window to the provided ``url``.</doc>
<msg timestamp="20210822 12:58:54.672" level="INFO">Opening url 'https://training-wheels-protocol.herokuapp.com/checkboxes'</msg>
<status status="PASS" starttime="20210822 12:58:54.671" endtime="20210822 12:58:55.069"/>
</kw>
<kw name="Select Checkbox" library="SeleniumLibrary">
<arg>${check-ironman}</arg>
<doc>Selects the checkbox identified by ``locator``.</doc>
<msg timestamp="20210822 12:58:55.071" level="INFO">Selecting checkbox 'css:input[value='iron-man']'.</msg>
<status status="PASS" starttime="20210822 12:58:55.070" endtime="20210822 12:58:55.173"/>
</kw>
<kw name="Checkbox Should Be Selected" library="SeleniumLibrary">
<arg>${check-ironman}</arg>
<doc>Verifies checkbox ``locator`` is selected/checked.</doc>
<msg timestamp="20210822 12:58:55.176" level="INFO">Verifying checkbox 'css:input[value='iron-man']' is selected.</msg>
<status status="PASS" starttime="20210822 12:58:55.175" endtime="20210822 12:58:55.221"/>
</kw>
<kw name="Sleep" library="BuiltIn">
<arg>5</arg>
<doc>Pauses the test executed for the given time.</doc>
<msg timestamp="20210822 12:59:00.238" level="INFO">Slept 5 seconds</msg>
<status status="PASS" starttime="20210822 12:58:55.223" endtime="20210822 12:59:00.238"/>
</kw>
<kw name="Close Browser" library="SeleniumLibrary">
<doc>Closes the current browser.</doc>
<status status="PASS" starttime="20210822 12:59:00.239" endtime="20210822 12:59:03.818"/>
</kw>
<status status="PASS" starttime="20210822 12:58:50.271" endtime="20210822 12:59:03.820"/>
</test>
<test id="s1-t3" name="Marcando Opção com Xpath">
<kw name="Open Browser" library="SeleniumLibrary">
<arg>${url}</arg>
<arg>chrome</arg>
<doc>Opens a new browser instance to the optional ``url``.</doc>
<msg timestamp="20210822 12:59:03.830" level="INFO">Opening browser 'chrome' to base url 'https://training-wheels-protocol.herokuapp.com'.</msg>
<status status="PASS" starttime="20210822 12:59:03.828" endtime="20210822 12:59:07.749"/>
</kw>
<kw name="Go To" library="SeleniumLibrary">
<arg>${url}/checkboxes</arg>
<doc>Navigates the current browser window to the provided ``url``.</doc>
<msg timestamp="20210822 12:59:07.750" level="INFO">Opening url 'https://training-wheels-protocol.herokuapp.com/checkboxes'</msg>
<status status="PASS" starttime="20210822 12:59:07.750" endtime="20210822 12:59:08.113"/>
</kw>
<kw name="Select Checkbox" library="SeleniumLibrary">
<arg>${check-panther}</arg>
<doc>Selects the checkbox identified by ``locator``.</doc>
<msg timestamp="20210822 12:59:08.114" level="INFO">Selecting checkbox 'xpath://*[@id='checkboxes']/input[7]'.</msg>
<status status="PASS" starttime="20210822 12:59:08.114" endtime="20210822 12:59:08.218"/>
</kw>
<kw name="Checkbox Should Be Selected" library="SeleniumLibrary">
<arg>${check-panther}</arg>
<doc>Verifies checkbox ``locator`` is selected/checked.</doc>
<msg timestamp="20210822 12:59:08.219" level="INFO">Verifying checkbox 'xpath://*[@id='checkboxes']/input[7]' is selected.</msg>
<status status="PASS" starttime="20210822 12:59:08.218" endtime="20210822 12:59:08.256"/>
</kw>
<kw name="Sleep" library="BuiltIn">
<arg>5</arg>
<doc>Pauses the test executed for the given time.</doc>
<msg timestamp="20210822 12:59:13.265" level="INFO">Slept 5 seconds</msg>
<status status="PASS" starttime="20210822 12:59:08.257" endtime="20210822 12:59:13.265"/>
</kw>
<kw name="Close Browser" library="SeleniumLibrary">
<doc>Closes the current browser.</doc>
<status status="PASS" starttime="20210822 12:59:13.266" endtime="20210822 12:59:16.781"/>
</kw>
<tag>ironman</tag>
<status status="PASS" starttime="20210822 12:59:03.827" endtime="20210822 12:59:16.782"/>
</test>
<status status="PASS" starttime="20210822 12:58:35.506" endtime="20210822 12:59:16.790"/>
</suite>
<statistics>
<total>
<stat pass="3" fail="0" skip="0">All Tests</stat>
</total>
<tag>
<stat pass="1" fail="0" skip="0">ironman</stat>
</tag>
<suite>
<stat pass="3" fail="0" skip="0" id="s1" name="Checkbox">Checkbox</stat>
</suite>
</statistics>
<errors>
</errors>
</robot>
