<?xml version="1.0" encoding="UTF-8"?>
<robot generator="Robot 4.1 (Python 3.9.6 on win32)" generated="20210822 13:03:38.550" rpa="false" schemaversion="2">
<suite id="s1" name="Checkbox" source="c:\qaninja\robot\web\checkbox.robot">
<test id="s1-t1" name="Marcando Opção com id">
<kw name="Nova sessão" type="SETUP">
<kw name="Open Browser" library="SeleniumLibrary">
<arg>${url}</arg>
<arg>chrome</arg>
<doc>Opens a new browser instance to the optional ``url``.</doc>
<msg timestamp="20210822 13:03:38.897" level="INFO">Opening browser 'chrome' to base url 'https://training-wheels-protocol.herokuapp.com'.</msg>
<status status="PASS" starttime="20210822 13:03:38.897" endtime="20210822 13:03:43.397"/>
</kw>
<status status="PASS" starttime="20210822 13:03:38.897" endtime="20210822 13:03:43.398"/>
</kw>
<kw name="Go To" library="SeleniumLibrary">
<arg>${url}/checkboxes</arg>
<doc>Navigates the current browser window to the provided ``url``.</doc>
<msg timestamp="20210822 13:03:43.400" level="INFO">Opening url 'https://training-wheels-protocol.herokuapp.com/checkboxes'</msg>
<status status="PASS" starttime="20210822 13:03:43.400" endtime="20210822 13:03:43.790"/>
</kw>
<kw name="Select Checkbox" library="SeleniumLibrary">
<arg>id:thor</arg>
<doc>Selects the checkbox identified by ``locator``.</doc>
<msg timestamp="20210822 13:03:43.794" level="INFO">Selecting checkbox 'id:thor'.</msg>
<status status="PASS" starttime="20210822 13:03:43.792" endtime="20210822 13:03:43.921"/>
</kw>
<kw name="Checkbox Should Be Selected" library="SeleniumLibrary">
<arg>id:thor</arg>
<doc>Verifies checkbox ``locator`` is selected/checked.</doc>
<msg timestamp="20210822 13:03:43.922" level="INFO">Verifying checkbox 'id:thor' is selected.</msg>
<status status="PASS" starttime="20210822 13:03:43.922" endtime="20210822 13:03:43.952"/>
</kw>
<kw name="Encerra Browser" type="TEARDOWN">
<kw name="Close Browser" library="SeleniumLibrary">
<doc>Closes the current browser.</doc>
<status status="PASS" starttime="20210822 13:03:43.953" endtime="20210822 13:03:46.283"/>
</kw>
<status status="PASS" starttime="20210822 13:03:43.952" endtime="20210822 13:03:46.283"/>
</kw>
<status status="PASS" starttime="20210822 13:03:38.896" endtime="20210822 13:03:46.285"/>
</test>
<test id="s1-t2" name="Marcando Opção com css Selector">
<kw name="Nova sessão" type="SETUP">
<kw name="Open Browser" library="SeleniumLibrary">
<arg>${url}</arg>
<arg>chrome</arg>
<doc>Opens a new browser instance to the optional ``url``.</doc>
<msg timestamp="20210822 13:03:46.302" level="INFO">Opening browser 'chrome' to base url 'https://training-wheels-protocol.herokuapp.com'.</msg>
<status status="PASS" starttime="20210822 13:03:46.301" endtime="20210822 13:03:50.599"/>
</kw>
<status status="PASS" starttime="20210822 13:03:46.298" endtime="20210822 13:03:50.600"/>
</kw>
<kw name="Go To" library="SeleniumLibrary">
<arg>${url}/checkboxes</arg>
<doc>Navigates the current browser window to the provided ``url``.</doc>
<msg timestamp="20210822 13:03:50.601" level="INFO">Opening url 'https://training-wheels-protocol.herokuapp.com/checkboxes'</msg>
<status status="PASS" starttime="20210822 13:03:50.600" endtime="20210822 13:03:51.013"/>
</kw>
<kw name="Select Checkbox" library="SeleniumLibrary">
<arg>${check-ironman}</arg>
<doc>Selects the checkbox identified by ``locator``.</doc>
<msg timestamp="20210822 13:03:51.015" level="INFO">Selecting checkbox 'css:input[value='iron-man']'.</msg>
<status status="PASS" starttime="20210822 13:03:51.014" endtime="20210822 13:03:51.157"/>
</kw>
<kw name="Checkbox Should Be Selected" library="SeleniumLibrary">
<arg>${check-ironman}</arg>
<doc>Verifies checkbox ``locator`` is selected/checked.</doc>
<msg timestamp="20210822 13:03:51.158" level="INFO">Verifying checkbox 'css:input[value='iron-man']' is selected.</msg>
<status status="PASS" starttime="20210822 13:03:51.157" endtime="20210822 13:03:51.189"/>
</kw>
<kw name="Encerra Browser" type="TEARDOWN">
<kw name="Close Browser" library="SeleniumLibrary">
<doc>Closes the current browser.</doc>
<status status="PASS" starttime="20210822 13:03:51.191" endtime="20210822 13:03:53.558"/>
</kw>
<status status="PASS" starttime="20210822 13:03:51.190" endtime="20210822 13:03:53.560"/>
</kw>
<status status="PASS" starttime="20210822 13:03:46.295" endtime="20210822 13:03:53.562"/>
</test>
<test id="s1-t3" name="Marcando Opção com Xpath">
<kw name="Nova sessão" type="SETUP">
<kw name="Open Browser" library="SeleniumLibrary">
<arg>${url}</arg>
<arg>chrome</arg>
<doc>Opens a new browser instance to the optional ``url``.</doc>
<msg timestamp="20210822 13:03:53.576" level="INFO">Opening browser 'chrome' to base url 'https://training-wheels-protocol.herokuapp.com'.</msg>
<status status="PASS" starttime="20210822 13:03:53.575" endtime="20210822 13:03:58.998"/>
</kw>
<status status="PASS" starttime="20210822 13:03:53.574" endtime="20210822 13:03:58.998"/>
</kw>
<kw name="Go To" library="SeleniumLibrary">
<arg>${url}/checkboxes</arg>
<doc>Navigates the current browser window to the provided ``url``.</doc>
<msg timestamp="20210822 13:03:59.000" level="INFO">Opening url 'https://training-wheels-protocol.herokuapp.com/checkboxes'</msg>
<status status="PASS" starttime="20210822 13:03:58.999" endtime="20210822 13:03:59.457"/>
</kw>
<kw name="Select Checkbox" library="SeleniumLibrary">
<arg>${check-panther}</arg>
<doc>Selects the checkbox identified by ``locator``.</doc>
<msg timestamp="20210822 13:03:59.458" level="INFO">Selecting checkbox 'xpath://*[@id='checkboxes']/input[7]'.</msg>
<status status="PASS" starttime="20210822 13:03:59.458" endtime="20210822 13:03:59.565"/>
</kw>
<kw name="Checkbox Should Be Selected" library="SeleniumLibrary">
<arg>${check-panther}</arg>
<doc>Verifies checkbox ``locator`` is selected/checked.</doc>
<msg timestamp="20210822 13:03:59.566" level="INFO">Verifying checkbox 'xpath://*[@id='checkboxes']/input[7]' is selected.</msg>
<status status="PASS" starttime="20210822 13:03:59.566" endtime="20210822 13:03:59.600"/>
</kw>
<kw name="Encerra Browser" type="TEARDOWN">
<kw name="Close Browser" library="SeleniumLibrary">
<doc>Closes the current browser.</doc>
<status status="PASS" starttime="20210822 13:03:59.605" endtime="20210822 13:04:01.895"/>
</kw>
<status status="PASS" starttime="20210822 13:03:59.604" endtime="20210822 13:04:01.896"/>
</kw>
<tag>ironman</tag>
<status status="PASS" starttime="20210822 13:03:53.569" endtime="20210822 13:04:01.897"/>
</test>
<status status="PASS" starttime="20210822 13:03:38.552" endtime="20210822 13:04:01.905"/>
</suite>
<statistics>
<total>
<stat pass="3" fail="0" skip="0">All Tests</stat>
</total>
<tag>
<stat pass="1" fail="0" skip="0">ironman</stat>
</tag>
<suite>
<stat pass="3" fail="0" skip="0" id="s1" name="Checkbox">Checkbox</stat>
</suite>
</statistics>
<errors>
</errors>
</robot>
