<?xml version="1.0" encoding="UTF-8"?>
<robot generator="Robot 4.1 (Python 3.9.6 on win32)" generated="20210822 12:01:25.987" rpa="false" schemaversion="2">
<suite id="s1" name="Test" source="c:\qaninja\robot\test.robot">
<test id="s1-t1" name="Deve retornar mensagem de boas vindas">
<kw name="Welcome" library="app">
<var>${result}</var>
<arg>Aline</arg>
<msg timestamp="20210822 12:01:26.034" level="INFO">${result} = Olá Aline, Bem vindo ao Curso básico de Robot Framework!</msg>
<status status="PASS" starttime="20210822 12:01:26.033" endtime="20210822 12:01:26.034"/>
</kw>
<kw name="Log To Console" library="BuiltIn">
<arg>${result}</arg>
<doc>Logs the given message to the console.</doc>
<status status="PASS" starttime="20210822 12:01:26.035" endtime="20210822 12:01:26.037"/>
</kw>
<kw name="Should Be Equal" library="BuiltIn">
<arg>${result}</arg>
<arg>Olá Aline, Bem vindo ao Curso básico de Robot Framework!</arg>
<doc>Fails if the given objects are unequal.</doc>
<status status="PASS" starttime="20210822 12:01:26.037" endtime="20210822 12:01:26.038"/>
</kw>
<status status="PASS" starttime="20210822 12:01:26.032" endtime="20210822 12:01:26.038"/>
</test>
<status status="PASS" starttime="20210822 12:01:25.991" endtime="20210822 12:01:26.041"/>
</suite>
<statistics>
<total>
<stat pass="1" fail="0" skip="0">All Tests</stat>
</total>
<tag>
</tag>
<suite>
<stat pass="1" fail="0" skip="0" id="s1" name="Test">Test</stat>
</suite>
</statistics>
<errors>
</errors>
</robot>
