<?xml version="1.0" encoding="UTF-8"?>
<robot generator="Robot 4.1 (Python 3.9.6 on win32)" generated="20210822 17:36:05.458" rpa="false" schemaversion="2">
<suite id="s1" name="Login Form" source="C:\qaninja\robot\web\tests\login_form.robot">
<test id="s1-t1" name="Login com sucesso">
<kw name="Nova sessão" library="base" type="SETUP">
<kw name="Open Browser" library="SeleniumLibrary">
<arg>${url}</arg>
<arg>chrome</arg>
<doc>Opens a new browser instance to the optional ``url``.</doc>
<msg timestamp="20210822 17:36:05.807" level="INFO">Opening browser 'chrome' to base url 'https://training-wheels-protocol.herokuapp.com'.</msg>
<status status="PASS" starttime="20210822 17:36:05.806" endtime="20210822 17:36:11.502"/>
</kw>
<status status="PASS" starttime="20210822 17:36:05.806" endtime="20210822 17:36:11.502"/>
</kw>
<kw name="Go To" library="SeleniumLibrary">
<arg>${url}/login</arg>
<doc>Navigates the current browser window to the provided ``url``.</doc>
<msg timestamp="20210822 17:36:11.503" level="INFO">Opening url 'https://training-wheels-protocol.herokuapp.com/login'</msg>
<status status="PASS" starttime="20210822 17:36:11.503" endtime="20210822 17:36:12.321"/>
</kw>
<kw name="Login with">
<arg>stark</arg>
<arg>jarvis!</arg>
<kw name="Input Text" library="SeleniumLibrary">
<arg>css:input[name=username]</arg>
<arg>${uname}</arg>
<doc>Types the given ``text`` into the text field identified by ``locator``.</doc>
<msg timestamp="20210822 17:36:12.330" level="INFO">Typing text 'stark' into text field 'css:input[name=username]'.</msg>
<status status="PASS" starttime="20210822 17:36:12.324" endtime="20210822 17:36:12.492"/>
</kw>
<kw name="Input Text" library="SeleniumLibrary">
<arg>css:input[name=password]</arg>
<arg>${pass}</arg>
<doc>Types the given ``text`` into the text field identified by ``locator``.</doc>
<msg timestamp="20210822 17:36:12.495" level="INFO">Typing text 'jarvis!' into text field 'css:input[name=password]'.</msg>
<status status="PASS" starttime="20210822 17:36:12.492" endtime="20210822 17:36:12.723"/>
</kw>
<kw name="Click Element" library="SeleniumLibrary">
<arg>class:btn-login</arg>
<doc>Click the element identified by ``locator``.</doc>
<msg timestamp="20210822 17:36:12.725" level="INFO">Clicking element 'class:btn-login'.</msg>
<status status="PASS" starttime="20210822 17:36:12.723" endtime="20210822 17:36:13.480"/>
</kw>
<status status="PASS" starttime="20210822 17:36:12.322" endtime="20210822 17:36:13.480"/>
</kw>
<kw name="Should see Logged user">
<arg>Tony Stark</arg>
<kw name="Page Should Contain" library="SeleniumLibrary">
<arg>Olá, ${full_name}. Você acessou a área logada!</arg>
<doc>Verifies that current page contains ``text``.</doc>
<msg timestamp="20210822 17:36:13.499" level="INFO">Current page contains text 'Olá, Tony Stark. Você acessou a área logada!'.</msg>
<status status="PASS" starttime="20210822 17:36:13.481" endtime="20210822 17:36:13.500"/>
</kw>
<status status="PASS" starttime="20210822 17:36:13.481" endtime="20210822 17:36:13.500"/>
</kw>
<kw name="Encerra Browser" library="base" type="TEARDOWN">
<kw name="Capture Page Screenshot" library="SeleniumLibrary">
<doc>Takes a screenshot of the current page and embeds it into a log file.</doc>
<msg timestamp="20210822 17:36:14.007" level="INFO" html="true">&lt;/td&gt;&lt;/tr&gt;&lt;tr&gt;&lt;td colspan="3"&gt;&lt;a href="selenium-screenshot-72.png"&gt;&lt;img src="selenium-screenshot-72.png" width="800px"&gt;&lt;/a&gt;</msg>
<status status="PASS" starttime="20210822 17:36:13.502" endtime="20210822 17:36:14.008"/>
</kw>
<kw name="Close Browser" library="SeleniumLibrary">
<doc>Closes the current browser.</doc>
<status status="PASS" starttime="20210822 17:36:14.009" endtime="20210822 17:36:16.470"/>
</kw>
<status status="PASS" starttime="20210822 17:36:13.502" endtime="20210822 17:36:16.470"/>
</kw>
<status status="PASS" starttime="20210822 17:36:05.805" endtime="20210822 17:36:16.471"/>
</test>
<test id="s1-t2" name="Senha Invalida">
<kw name="Nova sessão" library="base" type="SETUP">
<kw name="Open Browser" library="SeleniumLibrary">
<arg>${url}</arg>
<arg>chrome</arg>
<doc>Opens a new browser instance to the optional ``url``.</doc>
<msg timestamp="20210822 17:36:16.478" level="INFO">Opening browser 'chrome' to base url 'https://training-wheels-protocol.herokuapp.com'.</msg>
<status status="PASS" starttime="20210822 17:36:16.478" endtime="20210822 17:36:20.959"/>
</kw>
<status status="PASS" starttime="20210822 17:36:16.477" endtime="20210822 17:36:20.960"/>
</kw>
<kw name="Go To" library="SeleniumLibrary">
<arg>${url}/login</arg>
<doc>Navigates the current browser window to the provided ``url``.</doc>
<msg timestamp="20210822 17:36:20.961" level="INFO">Opening url 'https://training-wheels-protocol.herokuapp.com/login'</msg>
<status status="PASS" starttime="20210822 17:36:20.960" endtime="20210822 17:36:21.434"/>
</kw>
<kw name="Login with">
<arg>stark</arg>
<arg>abd123</arg>
<kw name="Input Text" library="SeleniumLibrary">
<arg>css:input[name=username]</arg>
<arg>${uname}</arg>
<doc>Types the given ``text`` into the text field identified by ``locator``.</doc>
<msg timestamp="20210822 17:36:21.436" level="INFO">Typing text 'stark' into text field 'css:input[name=username]'.</msg>
<status status="PASS" starttime="20210822 17:36:21.435" endtime="20210822 17:36:21.598"/>
</kw>
<kw name="Input Text" library="SeleniumLibrary">
<arg>css:input[name=password]</arg>
<arg>${pass}</arg>
<doc>Types the given ``text`` into the text field identified by ``locator``.</doc>
<msg timestamp="20210822 17:36:21.599" level="INFO">Typing text 'abd123' into text field 'css:input[name=password]'.</msg>
<status status="PASS" starttime="20210822 17:36:21.599" endtime="20210822 17:36:21.748"/>
</kw>
<kw name="Click Element" library="SeleniumLibrary">
<arg>class:btn-login</arg>
<doc>Click the element identified by ``locator``.</doc>
<msg timestamp="20210822 17:36:21.748" level="INFO">Clicking element 'class:btn-login'.</msg>
<status status="PASS" starttime="20210822 17:36:21.748" endtime="20210822 17:36:22.280"/>
</kw>
<status status="PASS" starttime="20210822 17:36:21.434" endtime="20210822 17:36:22.280"/>
</kw>
<kw name="Should Contain Login Alert">
<arg>Senha é invalida!</arg>
<kw name="Get WebElement" library="SeleniumLibrary">
<var>${message}</var>
<arg>id:flash</arg>
<doc>Returns the first WebElement matching the given ``locator``.</doc>
<msg timestamp="20210822 17:36:22.304" level="INFO">${message} = &lt;selenium.webdriver.remote.webelement.WebElement (session="35cbc41f33bb66b52dedc53a63f991d8", element="c3cba478-702a-4f67-98d6-8c872093267c")&gt;</msg>
<status status="PASS" starttime="20210822 17:36:22.283" endtime="20210822 17:36:22.304"/>
</kw>
<kw name="Should Contain" library="BuiltIn">
<arg>${message.text}</arg>
<arg>${expect_message}</arg>
<doc>Fails if ``container`` does not contain ``item`` one or more times.</doc>
<status status="PASS" starttime="20210822 17:36:22.304" endtime="20210822 17:36:22.331"/>
</kw>
<status status="PASS" starttime="20210822 17:36:22.283" endtime="20210822 17:36:22.332"/>
</kw>
<kw name="Encerra Browser" library="base" type="TEARDOWN">
<kw name="Capture Page Screenshot" library="SeleniumLibrary">
<doc>Takes a screenshot of the current page and embeds it into a log file.</doc>
<msg timestamp="20210822 17:36:22.853" level="INFO" html="true">&lt;/td&gt;&lt;/tr&gt;&lt;tr&gt;&lt;td colspan="3"&gt;&lt;a href="selenium-screenshot-73.png"&gt;&lt;img src="selenium-screenshot-73.png" width="800px"&gt;&lt;/a&gt;</msg>
<status status="PASS" starttime="20210822 17:36:22.334" endtime="20210822 17:36:22.853"/>
</kw>
<kw name="Close Browser" library="SeleniumLibrary">
<doc>Closes the current browser.</doc>
<status status="PASS" starttime="20210822 17:36:22.854" endtime="20210822 17:36:25.140"/>
</kw>
<status status="PASS" starttime="20210822 17:36:22.332" endtime="20210822 17:36:25.141"/>
</kw>
<tag>login_error</tag>
<status status="PASS" starttime="20210822 17:36:16.475" endtime="20210822 17:36:25.142"/>
</test>
<test id="s1-t3" name="Usuario não existe">
<kw name="Nova sessão" library="base" type="SETUP">
<kw name="Open Browser" library="SeleniumLibrary">
<arg>${url}</arg>
<arg>chrome</arg>
<doc>Opens a new browser instance to the optional ``url``.</doc>
<msg timestamp="20210822 17:36:25.155" level="INFO">Opening browser 'chrome' to base url 'https://training-wheels-protocol.herokuapp.com'.</msg>
<status status="PASS" starttime="20210822 17:36:25.152" endtime="20210822 17:36:29.289"/>
</kw>
<status status="PASS" starttime="20210822 17:36:25.151" endtime="20210822 17:36:29.291"/>
</kw>
<kw name="Go To" library="SeleniumLibrary">
<arg>${url}/login</arg>
<doc>Navigates the current browser window to the provided ``url``.</doc>
<msg timestamp="20210822 17:36:29.303" level="INFO">Opening url 'https://training-wheels-protocol.herokuapp.com/login'</msg>
<status status="PASS" starttime="20210822 17:36:29.301" endtime="20210822 17:36:29.746"/>
</kw>
<kw name="Login with">
<arg>papito</arg>
<arg>123456</arg>
<kw name="Input Text" library="SeleniumLibrary">
<arg>css:input[name=username]</arg>
<arg>${uname}</arg>
<doc>Types the given ``text`` into the text field identified by ``locator``.</doc>
<msg timestamp="20210822 17:36:29.749" level="INFO">Typing text 'papito' into text field 'css:input[name=username]'.</msg>
<status status="PASS" starttime="20210822 17:36:29.747" endtime="20210822 17:36:29.898"/>
</kw>
<kw name="Input Text" library="SeleniumLibrary">
<arg>css:input[name=password]</arg>
<arg>${pass}</arg>
<doc>Types the given ``text`` into the text field identified by ``locator``.</doc>
<msg timestamp="20210822 17:36:29.899" level="INFO">Typing text '123456' into text field 'css:input[name=password]'.</msg>
<status status="PASS" starttime="20210822 17:36:29.899" endtime="20210822 17:36:30.033"/>
</kw>
<kw name="Click Element" library="SeleniumLibrary">
<arg>class:btn-login</arg>
<doc>Click the element identified by ``locator``.</doc>
<msg timestamp="20210822 17:36:30.033" level="INFO">Clicking element 'class:btn-login'.</msg>
<status status="PASS" starttime="20210822 17:36:30.033" endtime="20210822 17:36:30.606"/>
</kw>
<status status="PASS" starttime="20210822 17:36:29.747" endtime="20210822 17:36:30.607"/>
</kw>
<kw name="Should Contain Login Alert">
<arg>O usuário informado não está cadastrado!</arg>
<kw name="Get WebElement" library="SeleniumLibrary">
<var>${message}</var>
<arg>id:flash</arg>
<doc>Returns the first WebElement matching the given ``locator``.</doc>
<msg timestamp="20210822 17:36:30.627" level="INFO">${message} = &lt;selenium.webdriver.remote.webelement.WebElement (session="03f957d8592646e761e22ce6430fc688", element="15eb3071-8635-453f-b27c-da7e2397536c")&gt;</msg>
<status status="PASS" starttime="20210822 17:36:30.609" endtime="20210822 17:36:30.627"/>
</kw>
<kw name="Should Contain" library="BuiltIn">
<arg>${message.text}</arg>
<arg>${expect_message}</arg>
<doc>Fails if ``container`` does not contain ``item`` one or more times.</doc>
<status status="PASS" starttime="20210822 17:36:30.627" endtime="20210822 17:36:30.646"/>
</kw>
<status status="PASS" starttime="20210822 17:36:30.607" endtime="20210822 17:36:30.646"/>
</kw>
<kw name="Encerra Browser" library="base" type="TEARDOWN">
<kw name="Capture Page Screenshot" library="SeleniumLibrary">
<doc>Takes a screenshot of the current page and embeds it into a log file.</doc>
<msg timestamp="20210822 17:36:30.965" level="INFO" html="true">&lt;/td&gt;&lt;/tr&gt;&lt;tr&gt;&lt;td colspan="3"&gt;&lt;a href="selenium-screenshot-74.png"&gt;&lt;img src="selenium-screenshot-74.png" width="800px"&gt;&lt;/a&gt;</msg>
<status status="PASS" starttime="20210822 17:36:30.647" endtime="20210822 17:36:30.966"/>
</kw>
<kw name="Close Browser" library="SeleniumLibrary">
<doc>Closes the current browser.</doc>
<status status="PASS" starttime="20210822 17:36:30.966" endtime="20210822 17:36:33.310"/>
</kw>
<status status="PASS" starttime="20210822 17:36:30.647" endtime="20210822 17:36:33.310"/>
</kw>
<tag>login_user404</tag>
<status status="PASS" starttime="20210822 17:36:25.148" endtime="20210822 17:36:33.312"/>
</test>
<status status="PASS" starttime="20210822 17:36:05.462" endtime="20210822 17:36:33.321"/>
</suite>
<statistics>
<total>
<stat pass="3" fail="0" skip="0">All Tests</stat>
</total>
<tag>
<stat pass="1" fail="0" skip="0">login_error</stat>
<stat pass="1" fail="0" skip="0">login_user404</stat>
</tag>
<suite>
<stat pass="3" fail="0" skip="0" id="s1" name="Login Form">Login Form</stat>
</suite>
</statistics>
<errors>
</errors>
</robot>
